<?xml version="1.0" encoding="UTF-8"?>
<!-- Generated by org.testng.reporters.JUnitXMLReporter -->
<testsuite hostname="DESKTOP-E7IM778" ignored="0" name="Selenium Scripts" tests="5" failures="0" timestamp="25 Aug 2020 00:48:51 GMT" time="10.639" errors="0">
  <testcase name="createAccount" time="3.421" classname="com.TestNGScripts.WikiTestCase"/>
  <testcase name="createCust" time="0.001" classname="com.TestNGScripts.AnnotationsTestNG"/>
  <testcase name="MainPage" time="1.315" classname="com.TestNGScripts.WikiTestCase"/>
  <testcase name="searchCust" time="0.002" classname="com.TestNGScripts.AnnotationsTestNG"/>
  <testcase name="deleteCust" time="0.001" classname="com.TestNGScripts.AnnotationsTestNG"/>
</testsuite> <!-- Selenium Scripts -->
