<?xml version="1.0" encoding="UTF-8"?>
<!-- Generated by org.testng.reporters.JUnitXMLReporter -->
<testsuite hostname="DESKTOP-E7IM778" ignored="0" name="Selenium Scripts" tests="5" failures="0" timestamp="03 Sep 2020 00:58:44 GMT" time="9.139" errors="0">
  <testcase name="createAccount" time="3.431" classname="com.TestNGScripts.WikiTestCase"/>
  <testcase name="createCust" time="0.0" classname="com.TestNGScripts.AnnotationsTestNG"/>
  <testcase name="MainPage" time="0.942" classname="com.TestNGScripts.WikiTestCase"/>
  <testcase name="searchCust" time="0.001" classname="com.TestNGScripts.AnnotationsTestNG"/>
  <testcase name="deleteCust" time="0.0" classname="com.TestNGScripts.AnnotationsTestNG"/>
</testsuite> <!-- Selenium Scripts -->
